#
# A fatal error has been detected by the Java Runtime Environment:
#
#  EXCEPTION_PRIV_INSTRUCTION (0xc0000096) at pc=0x000000006c1e4f44, pid=3848, tid=0x00000000000027b0
#
# JRE version: Java(TM) SE Runtime Environment (8.0_131-b11) (build 1.8.0_131-b11)
# Java VM: Java HotSpot(TM) 64-Bit Server VM (25.131-b11 mixed mode windows-amd64 compressed oops)
# Problematic frame:
# C  [awt.dll+0x94f44]
#
# Failed to write core dump. Minidumps are not enabled by default on client versions of Windows
#
# If you would like to submit a bug report, please visit:
#   http://bugreport.java.com/bugreport/crash.jsp
# The crash happened outside the Java Virtual Machine in native code.
# See problematic frame for where to report the bug.
#

---------------  T H R E A D  ---------------

Current thread (0x000000000363d800):  JavaThread "main" [_thread_in_native, id=10160, stack(0x00000000034e0000,0x00000000035e0000)]

siginfo: ExceptionCode=0xc0000096

Registers:
RAX=0x000000006c1e4f44, RBX=0x00000000155c92e0, RCX=0x000000000363d9f8, RDX=0x00000000035dee48
RSP=0x00000000035dedc8, RBP=0x00000000035dee38, RSI=0x0000000000000001, RDI=0x0000000003748180
R8 =0x0000000000000004, R9 =0x0000000003637770, R10=0x0000000003760fe0, R11=0x000000006c81bd80
R12=0x0000000000000000, R13=0x00000000155c92e0, R14=0x00000000035dee50, R15=0x000000000363d800
RIP=0x000000006c1e4f44, EFLAGS=0x0000000000010283

Top of Stack: (sp=0x00000000035dedc8)
0x00000000035dedc8:   000000000376100c 000000000363d800
0x00000000035dedd8:   00000000155c92e0 0000000000000001
0x00000000035dede8:   000000000363d800 0000000003760a22
0x00000000035dedf8:   00000000035dedf8 00000000155c92e0
0x00000000035dee08:   00000000035dee50 00000000155f1f68
0x00000000035dee18:   0000000000000000 00000000155c92e0
0x00000000035dee28:   0000000000000000 00000000035dee58
0x00000000035dee38:   00000000035dee98 00000000037483fd
0x00000000035dee48:   00000000eb50cc50 00000000037571b8
0x00000000035dee58:   00000000035dee58 00000000155d13bb
0x00000000035dee68:   00000000035deea0 00000000155f1f68
0x00000000035dee78:   0000000000000000 00000000155d13e8
0x00000000035dee88:   00000000035dee58 00000000035deea8
0x00000000035dee98:   00000000035def80 00000000037408da
0x00000000035deea8:   cafebabecafebabe cafebabecafebabe
0x00000000035deeb8:   0000000000000000 0000000000000000 

Instructions: (pc=0x000000006c1e4f44)
0x000000006c1e4f24:   ef 12 13 03 b1 52 52 40 d6 c8 48 78 85 3a 41 69
0x000000006c1e4f34:   91 d2 12 70 d5 04 d0 58 09 95 a1 94 fa 78 b2 48
0x000000006c1e4f44:   26 f4 d4 a9 83 cd a0 20 70 b9 b3 03 38 19 c9 44
0x000000006c1e4f54:   65 c9 c6 a3 4b 9d d6 82 c7 39 4d db d0 de 17 28 


Register to memory mapping:

RAX=0x000000006c1e4f44 is an unknown value
RBX={method} {0x00000000155c92e8} 'initIDs' '()V' in 'java/awt/Container'
RCX=0x000000000363d9f8 is an unknown value
RDX=0x00000000035dee48 is pointing into the stack for thread: 0x000000000363d800
RSP=0x00000000035dedc8 is pointing into the stack for thread: 0x000000000363d800
RBP=0x00000000035dee38 is pointing into the stack for thread: 0x000000000363d800
RSI=0x0000000000000001 is an unknown value
RDI=0x0000000003748180 is at code_begin+1664 in an Interpreter codelet
invoke return entry points  [0x0000000003747b00, 0x00000000037484e0]  2528 bytes
R8 =0x0000000000000004 is an unknown value
R9 =0x0000000003637770 is an unknown value
R10=0x0000000003760fe0 is at code_begin+1632 in an Interpreter codelet
method entry point (kind = native)  [0x0000000003760980, 0x00000000037619a0]  4128 bytes
R11=0x000000006c81bd80 is an unknown value
R12=0x0000000000000000 is an unknown value
R13={method} {0x00000000155c92e8} 'initIDs' '()V' in 'java/awt/Container'
R14=0x00000000035dee50 is pointing into the stack for thread: 0x000000000363d800
R15=0x000000000363d800 is a thread


Stack: [0x00000000034e0000,0x00000000035e0000],  sp=0x00000000035dedc8,  free space=1019k
Native frames: (J=compiled Java code, j=interpreted, Vv=VM code, C=native code)
C  [awt.dll+0x94f44]
C  0x000000000376100c

Java frames: (J=compiled Java code, j=interpreted, Vv=VM code)
j  java.awt.Container.initIDs()V+0
j  java.awt.Container.<clinit>()V+179
v  ~StubRoutines::call_stub

---------------  P R O C E S S  ---------------

Java Threads: ( => current thread )
  0x0000000017399000 JavaThread "Service Thread" daemon [_thread_blocked, id=4500, stack(0x0000000017d00000,0x0000000017e00000)]
  0x000000001732b000 JavaThread "C1 CompilerThread2" daemon [_thread_blocked, id=11580, stack(0x0000000017c00000,0x0000000017d00000)]
  0x0000000017325800 JavaThread "C2 CompilerThread1" daemon [_thread_blocked, id=10700, stack(0x0000000017b00000,0x0000000017c00000)]
  0x0000000017320000 JavaThread "C2 CompilerThread0" daemon [_thread_blocked, id=7536, stack(0x0000000017a00000,0x0000000017b00000)]
  0x000000001731d800 JavaThread "JDWP Command Reader" daemon [_thread_in_native, id=9180, stack(0x0000000017900000,0x0000000017a00000)]
  0x0000000017312800 JavaThread "JDWP Event Helper Thread" daemon [_thread_blocked, id=11896, stack(0x0000000017800000,0x0000000017900000)]
  0x000000001730e800 JavaThread "JDWP Transport Listener: dt_socket" daemon [_thread_blocked, id=9684, stack(0x0000000017700000,0x0000000017800000)]
  0x0000000015d6a800 JavaThread "Attach Listener" daemon [_thread_blocked, id=7624, stack(0x0000000017200000,0x0000000017300000)]
  0x0000000015d69800 JavaThread "Signal Dispatcher" daemon [_thread_blocked, id=3372, stack(0x0000000017100000,0x0000000017200000)]
  0x0000000015cfa800 JavaThread "Finalizer" daemon [_thread_blocked, id=11060, stack(0x0000000016f70000,0x0000000017070000)]
  0x0000000015cd9000 JavaThread "Reference Handler" daemon [_thread_blocked, id=9048, stack(0x0000000016e70000,0x0000000016f70000)]
=>0x000000000363d800 JavaThread "main" [_thread_in_native, id=10160, stack(0x00000000034e0000,0x00000000035e0000)]

Other Threads:
  0x0000000015cd7800 VMThread [stack: 0x0000000016d70000,0x0000000016e70000] [id=6368]
  0x00000000173d2800 WatcherThread [stack: 0x0000000017e00000,0x0000000017f00000] [id=6828]

VM state:not at safepoint (normal execution)

VM Mutex/Monitor currently owned by a thread: None

Heap:
 PSYoungGen      total 18944K, used 2951K [0x00000000eb400000, 0x00000000ec900000, 0x0000000100000000)
  eden space 16384K, 18% used [0x00000000eb400000,0x00000000eb6e1c50,0x00000000ec400000)
  from space 2560K, 0% used [0x00000000ec680000,0x00000000ec680000,0x00000000ec900000)
  to   space 2560K, 0% used [0x00000000ec400000,0x00000000ec400000,0x00000000ec680000)
 ParOldGen       total 44032K, used 0K [0x00000000c1c00000, 0x00000000c4700000, 0x00000000eb400000)
  object space 44032K, 0% used [0x00000000c1c00000,0x00000000c1c00000,0x00000000c4700000)
 Metaspace       used 4472K, capacity 4736K, committed 4992K, reserved 1056768K
  class space    used 504K, capacity 561K, committed 640K, reserved 1048576K

Card table byte_map: [0x0000000012b00000,0x0000000012d00000] byte_map_base: 0x00000000124f2000

Marking Bits: (ParMarkBitMap*) 0x000000006ce0c720
 Begin Bits: [0x0000000013250000, 0x00000000141e0000)
 End Bits:   [0x00000000141e0000, 0x0000000015170000)

Polling page: 0x0000000001460000

CodeCache: size=245760Kb used=1499Kb max_used=1499Kb free=244260Kb
 bounds [0x0000000003740000, 0x00000000039b0000, 0x0000000012740000]
 total_blobs=490 nmethods=218 adapters=193
 compilation: enabled

Compilation events (10 events):
Event: 0.183 Thread 0x000000001732b000 nmethod 213 0x00000000038b2850 code [0x00000000038b29c0, 0x00000000038b2c10]
Event: 0.183 Thread 0x000000001732b000  216       3       jdk.internal.org.objectweb.asm.ByteVector::putByteArray (49 bytes)
Event: 0.183 Thread 0x000000001732b000 nmethod 216 0x00000000038b5bd0 code [0x00000000038b5d40, 0x00000000038b6058]
Event: 0.183 Thread 0x000000001732b000  217       3       java.lang.invoke.MethodType$ConcurrentWeakInternSet::get (54 bytes)
Event: 0.183 Thread 0x0000000017320000 nmethod 207 0x00000000038b6150 code [0x00000000038b62a0, 0x00000000038b6598]
Event: 0.184 Thread 0x000000001732b000 nmethod 217 0x00000000038b4650 code [0x00000000038b4880, 0x00000000038b5578]
Event: 0.184 Thread 0x000000001732b000  218       3       jdk.internal.org.objectweb.asm.ByteVector::putInt (74 bytes)
Event: 0.184 Thread 0x000000001732b000 nmethod 218 0x00000000038b3e90 code [0x00000000038b4000, 0x00000000038b42a8]
Event: 0.184 Thread 0x000000001732b000  214       3       sun.reflect.misc.ReflectUtil::isVMAnonymousClass (19 bytes)
Event: 0.184 Thread 0x000000001732b000 nmethod 214 0x00000000038b3510 code [0x00000000038b36a0, 0x00000000038b3bf8]

GC Heap History (0 events):
No events

Deoptimization events (0 events):
No events

Internal exceptions (9 events):
Event: 0.028 Thread 0x000000000363d800 Exception <a 'java/lang/NoSuchMethodError': Method sun.misc.Unsafe.defineClass(Ljava/lang/String;[BII)Ljava/lang/Class; name or signature does not match> (0x00000000eb407ca8) thrown at [C:\re\workspace\8-2-build-windows-amd64-cygwin\jdk8u131\8869\hotspot\
Event: 0.028 Thread 0x000000000363d800 Exception <a 'java/lang/NoSuchMethodError': Method sun.misc.Unsafe.prefetchRead(Ljava/lang/Object;J)V name or signature does not match> (0x00000000eb407f90) thrown at [C:\re\workspace\8-2-build-windows-amd64-cygwin\jdk8u131\8869\hotspot\src\share\vm\prims
Event: 0.137 Thread 0x000000000363d800 Exception <a 'java/security/PrivilegedActionException'> (0x00000000eb5260b8) thrown at [C:\re\workspace\8-2-build-windows-amd64-cygwin\jdk8u131\8869\hotspot\src\share\vm\prims\jvm.cpp, line 1390]
Event: 0.137 Thread 0x000000000363d800 Exception <a 'java/security/PrivilegedActionException'> (0x00000000eb5262c8) thrown at [C:\re\workspace\8-2-build-windows-amd64-cygwin\jdk8u131\8869\hotspot\src\share\vm\prims\jvm.cpp, line 1390]
Event: 0.137 Thread 0x000000000363d800 Exception <a 'java/security/PrivilegedActionException'> (0x00000000eb529f38) thrown at [C:\re\workspace\8-2-build-windows-amd64-cygwin\jdk8u131\8869\hotspot\src\share\vm\prims\jvm.cpp, line 1390]
Event: 0.137 Thread 0x000000000363d800 Exception <a 'java/security/PrivilegedActionException'> (0x00000000eb52a148) thrown at [C:\re\workspace\8-2-build-windows-amd64-cygwin\jdk8u131\8869\hotspot\src\share\vm\prims\jvm.cpp, line 1390]
Event: 0.141 Thread 0x000000000363d800 Exception <a 'java/io/FileNotFoundException'> (0x00000000eb52d2e8) thrown at [C:\re\workspace\8-2-build-windows-amd64-cygwin\jdk8u131\8869\hotspot\src\share\vm\prims\jni.cpp, line 709]
Event: 0.168 Thread 0x000000000363d800 Exception <a 'java/lang/NoSuchFieldError': method resolution failed> (0x00000000eb64d6b8) thrown at [C:\re\workspace\8-2-build-windows-amd64-cygwin\jdk8u131\8869\hotspot\src\share\vm\prims\methodHandles.cpp, line 1146]
Event: 0.171 Thread 0x000000000363d800 Exception <a 'java/lang/NoSuchFieldError': method resolution failed> (0x00000000eb65aa88) thrown at [C:\re\workspace\8-2-build-windows-amd64-cygwin\jdk8u131\8869\hotspot\src\share\vm\prims\methodHandles.cpp, line 1146]

Events (10 events):
Event: 0.186 loading class java/awt/LightweightDispatcher
Event: 0.186 loading class java/awt/event/AWTEventListener
Event: 0.186 loading class java/util/EventListener
Event: 0.186 loading class java/util/EventListener done
Event: 0.186 loading class java/awt/event/AWTEventListener done
Event: 0.186 loading class java/awt/LightweightDispatcher done
Event: 0.186 loading class java/awt/Dimension
Event: 0.187 loading class java/awt/geom/Dimension2D
Event: 0.187 loading class java/awt/geom/Dimension2D done
Event: 0.187 loading class java/awt/Dimension done


Dynamic libraries:
0x00007ff6b3690000 - 0x00007ff6b36c7000 	C:\Program Files\Java\jre1.8.0_131\bin\javaw.exe
0x00007fff6c1d0000 - 0x00007fff6c3bd000 	C:\WINDOWS\SYSTEM32\ntdll.dll
0x00007fff6b2b0000 - 0x00007fff6b363000 	C:\WINDOWS\System32\KERNEL32.DLL
0x00007fff68650000 - 0x00007fff688e3000 	C:\WINDOWS\System32\KERNELBASE.dll
0x00007fff6b730000 - 0x00007fff6b7d3000 	C:\WINDOWS\System32\ADVAPI32.dll
0x00007fff69780000 - 0x00007fff6981e000 	C:\WINDOWS\System32\msvcrt.dll
0x00007fff6b7e0000 - 0x00007fff6b87e000 	C:\WINDOWS\System32\sechost.dll
0x00007fff6b3d0000 - 0x00007fff6b4f2000 	C:\WINDOWS\System32\RPCRT4.dll
0x00007fff69820000 - 0x00007fff699b7000 	C:\WINDOWS\System32\USER32.dll
0x00007fff69110000 - 0x00007fff69130000 	C:\WINDOWS\System32\win32u.dll
0x00007fff6b880000 - 0x00007fff6b8a9000 	C:\WINDOWS\System32\GDI32.dll
0x00007fff68480000 - 0x00007fff6861a000 	C:\WINDOWS\System32\gdi32full.dll
0x00007fff69130000 - 0x00007fff691d0000 	C:\WINDOWS\System32\msvcp_win.dll
0x00007fff68380000 - 0x00007fff6847a000 	C:\WINDOWS\System32\ucrtbase.dll
0x00007fff594f0000 - 0x00007fff59769000 	C:\WINDOWS\WinSxS\amd64_microsoft.windows.common-controls_6595b64144ccf1df_6.0.17763.437_none_05b63dca071e5dd6\COMCTL32.dll
0x00007fff699c0000 - 0x00007fff69cec000 	C:\WINDOWS\System32\combase.dll
0x00007fff68300000 - 0x00007fff6837e000 	C:\WINDOWS\System32\bcryptPrimitives.dll
0x00007fff69740000 - 0x00007fff6976e000 	C:\WINDOWS\System32\IMM32.DLL
0x0000000000400000 - 0x0000000000462000 	C:\Program Files (x86)\Net Control 2\iAddon\ncwebc64.dll
0x00007fff69670000 - 0x00007fff69734000 	C:\WINDOWS\System32\oleaut32.dll
0x00007fff6b560000 - 0x00007fff6b5cd000 	C:\WINDOWS\System32\ws2_32.dll
0x000000006c350000 - 0x000000006c422000 	C:\Program Files\Java\jre1.8.0_131\bin\msvcr100.dll
0x000000006c5f0000 - 0x000000006ce8c000 	C:\Program Files\Java\jre1.8.0_131\bin\server\jvm.dll
0x00007fff6bd30000 - 0x00007fff6bd38000 	C:\WINDOWS\System32\PSAPI.DLL
0x00007fff662d0000 - 0x00007fff662f4000 	C:\WINDOWS\SYSTEM32\WINMM.dll
0x00007fff58c20000 - 0x00007fff58c29000 	C:\WINDOWS\SYSTEM32\WSOCK32.dll
0x00007fff5b660000 - 0x00007fff5b66a000 	C:\WINDOWS\SYSTEM32\VERSION.dll
0x00007fff65e40000 - 0x00007fff65e6d000 	C:\WINDOWS\SYSTEM32\winmmbase.dll
0x00007fff693b0000 - 0x00007fff693fa000 	C:\WINDOWS\System32\cfgmgr32.dll
0x000000006c500000 - 0x000000006c50f000 	C:\Program Files\Java\jre1.8.0_131\bin\verify.dll
0x000000006c4d0000 - 0x000000006c4f9000 	C:\Program Files\Java\jre1.8.0_131\bin\java.dll
0x000000006c310000 - 0x000000006c345000 	C:\Program Files\Java\jre1.8.0_131\bin\jdwp.dll
0x000000006c300000 - 0x000000006c308000 	C:\Program Files\Java\jre1.8.0_131\bin\npt.dll
0x000000006c4b0000 - 0x000000006c4c6000 	C:\Program Files\Java\jre1.8.0_131\bin\zip.dll
0x00007fff69dc0000 - 0x00007fff6b2b0000 	C:\WINDOWS\System32\SHELL32.dll
0x00007fff6c0f0000 - 0x00007fff6c198000 	C:\WINDOWS\System32\shcore.dll
0x00007fff688f0000 - 0x00007fff6903a000 	C:\WINDOWS\System32\windows.storage.dll
0x00007fff681f0000 - 0x00007fff68214000 	C:\WINDOWS\System32\profapi.dll
0x00007fff68220000 - 0x00007fff6827d000 	C:\WINDOWS\System32\powrprof.dll
0x00007fff69400000 - 0x00007fff69452000 	C:\WINDOWS\System32\shlwapi.dll
0x00007fff681d0000 - 0x00007fff681e1000 	C:\WINDOWS\System32\kernel.appcore.dll
0x00007fff69040000 - 0x00007fff69057000 	C:\WINDOWS\System32\cryptsp.dll
0x000000006c2f0000 - 0x000000006c2f9000 	C:\Program Files\Java\jre1.8.0_131\bin\dt_socket.dll
0x00007fff41250000 - 0x00007fff41266000 	C:\WINDOWS\system32\napinsp.dll
0x00007fff41d80000 - 0x00007fff41d9a000 	C:\WINDOWS\system32\pnrpnsp.dll
0x00007fff679f0000 - 0x00007fff67a57000 	C:\WINDOWS\System32\mswsock.dll
0x00007fff67790000 - 0x00007fff67856000 	C:\WINDOWS\SYSTEM32\DNSAPI.dll
0x00007fff69770000 - 0x00007fff69778000 	C:\WINDOWS\System32\NSI.dll
0x00007fff67750000 - 0x00007fff6778d000 	C:\WINDOWS\SYSTEM32\IPHLPAPI.DLL
0x00007fff5bc40000 - 0x00007fff5bc4e000 	C:\WINDOWS\System32\winrnr.dll
0x00007fff64ab0000 - 0x00007fff64acb000 	C:\WINDOWS\system32\NLAapi.dll
0x00007fff58340000 - 0x00007fff58355000 	C:\WINDOWS\system32\wshbth.dll
0x00007fff5e7c0000 - 0x00007fff5e839000 	C:\WINDOWS\System32\fwpuclnt.dll
0x00007fff68620000 - 0x00007fff68646000 	C:\WINDOWS\System32\bcrypt.dll
0x00007fff5e620000 - 0x00007fff5e62a000 	C:\Windows\System32\rasadhlp.dll
0x000000006c150000 - 0x000000006c2e8000 	C:\Program Files\Java\jre1.8.0_131\bin\awt.dll
0x00007fff66580000 - 0x00007fff6660c000 	C:\WINDOWS\SYSTEM32\apphelp.dll
0x00007fff59770000 - 0x00007fff5995d000 	C:\WINDOWS\SYSTEM32\dbghelp.dll

VM Arguments:
jvm_args: -agentlib:jdwp=transport=dt_socket,suspend=y,address=localhost:53008 -Dfile.encoding=MS949 
java_command: GraphicsDrawLineMouseEx
java_class_path (initial): D:\용성\새 폴더\chap12-ex10\bin
Launcher Type: SUN_STANDARD

Environment Variables:
PATH=C:/Program Files/Java/jre1.8.0_131/bin/server;C:/Program Files/Java/jre1.8.0_131/bin;C:/Program Files/Java/jre1.8.0_131/lib/amd64;C:\ProgramData\Oracle\Java\javapath;C:\Program Files (x86)\Intel\iCLS Client\;C:\Program Files\Intel\iCLS Client\;C:\WINDOWS\system32;C:\WINDOWS;C:\WINDOWS\System32\Wbem;C:\WINDOWS\System32\WindowsPowerShell\v1.0\;C:\Program Files (x86)\Intel\Intel(R) Management Engine Components\DAL;C:\Program Files\Intel\Intel(R) Management Engine Components\DAL;C:\Program Files (x86)\Intel\Intel(R) Management Engine Components\IPT;C:\Program Files\Intel\Intel(R) Management Engine Components\IPT;C:\WINDOWS\System32\OpenSSH\;C:\Users\USER\AppData\Local\Microsoft\WindowsApps;;D:\용성[이클\eclipse-jee-neon-3-win32-x86_64\eclipse;
USERNAME=USER
OS=Windows_NT
PROCESSOR_IDENTIFIER=Intel64 Family 6 Model 94 Stepping 3, GenuineIntel



---------------  S Y S T E M  ---------------

OS: Windows 10.0 , 64 bit Build 17763 (10.0.17763.437)

CPU:total 4 (initial active 4) (4 cores per cpu, 1 threads per core) family 6 model 94 stepping 3, cmov, cx8, fxsr, mmx, sse, sse2, sse3, ssse3, sse4.1, sse4.2, popcnt, avx, avx2, aes, clmul, erms, rtm, 3dnowpref, lzcnt, tsc, tscinvbit, bmi1, bmi2, adx

Memory: 4k page, physical 4075168k(779012k free), swap 7828696k(1589392k free)

vm_info: Java HotSpot(TM) 64-Bit Server VM (25.131-b11) for windows-amd64 JRE (1.8.0_131-b11), built on Mar 15 2017 01:23:53 by "java_re" with MS VC++ 10.0 (VS2010)

time: Thu Apr 25 17:48:18 2019
elapsed time: 0 seconds (0d 0h 0m 0s)

