#
# A fatal error has been detected by the Java Runtime Environment:
#
#  EXCEPTION_PRIV_INSTRUCTION (0xc0000096) at pc=0x000000006c1e4f44, pid=8532, tid=0x0000000000002b88
#
# JRE version: Java(TM) SE Runtime Environment (8.0_131-b11) (build 1.8.0_131-b11)
# Java VM: Java HotSpot(TM) 64-Bit Server VM (25.131-b11 mixed mode windows-amd64 compressed oops)
# Problematic frame:
# C  [awt.dll+0x94f44]
#
# Failed to write core dump. Minidumps are not enabled by default on client versions of Windows
#
# If you would like to submit a bug report, please visit:
#   http://bugreport.java.com/bugreport/crash.jsp
# The crash happened outside the Java Virtual Machine in native code.
# See problematic frame for where to report the bug.
#

---------------  T H R E A D  ---------------

Current thread (0x0000000003720800):  JavaThread "main" [_thread_in_native, id=11144, stack(0x0000000003610000,0x0000000003710000)]

siginfo: ExceptionCode=0xc0000096

Registers:
RAX=0x000000006c1e4f44, RBX=0x00000000156a0a38, RCX=0x00000000037209f8, RDX=0x000000000370efa8
RSP=0x000000000370ef28, RBP=0x000000000370ef98, RSI=0x0000000000000001, RDI=0x00000000038280e0
R8 =0x0000000000000004, R9 =0x0000000003607b00, R10=0x0000000003837f48, R11=0x000000006c81bd80
R12=0x0000000000000000, R13=0x00000000156a0a38, R14=0x000000000370efb0, R15=0x0000000003720800
RIP=0x000000006c1e4f44, EFLAGS=0x0000000000010283

Top of Stack: (sp=0x000000000370ef28)
0x000000000370ef28:   0000000003837f74 0000000003720800
0x000000000370ef38:   00000000156a0a38 0000000000000001
0x000000000370ef48:   0000000003720800 0000000003837ca2
0x000000000370ef58:   000000000370ef58 00000000156a0a38
0x000000000370ef68:   000000000370efb0 00000000156c8980
0x000000000370ef78:   0000000000000000 00000000156a0a38
0x000000000370ef88:   0000000000000000 000000000370efb8
0x000000000370ef98:   000000000370eff8 000000000382835d
0x000000000370efa8:   00000000eb4ba048 00000000038319d8
0x000000000370efb8:   000000000370efb8 00000000156a8b13
0x000000000370efc8:   000000000370f000 00000000156c8980
0x000000000370efd8:   0000000000000000 00000000156a8b40
0x000000000370efe8:   000000000370efb8 000000000370f008
0x000000000370eff8:   000000000370f0e0 00000000038208da
0x000000000370f008:   cafebabecafebabe cafebabecafebabe
0x000000000370f018:   0000000000000000 0000000000000000 

Instructions: (pc=0x000000006c1e4f44)
0x000000006c1e4f24:   ef 12 13 03 b1 52 52 40 d6 c8 48 78 85 3a 41 69
0x000000006c1e4f34:   91 d2 12 70 d5 04 d0 58 09 95 a1 94 fa 78 b2 48
0x000000006c1e4f44:   26 f4 d4 a9 83 cd a0 20 70 b9 b3 03 38 19 c9 44
0x000000006c1e4f54:   65 c9 c6 a3 4b 9d d6 82 c7 39 4d db d0 de 17 28 


Register to memory mapping:

RAX=0x000000006c1e4f44 is an unknown value
RBX={method} {0x00000000156a0a40} 'initIDs' '()V' in 'java/awt/Container'
RCX=0x00000000037209f8 is an unknown value
RDX=0x000000000370efa8 is pointing into the stack for thread: 0x0000000003720800
RSP=0x000000000370ef28 is pointing into the stack for thread: 0x0000000003720800
RBP=0x000000000370ef98 is pointing into the stack for thread: 0x0000000003720800
RSI=0x0000000000000001 is an unknown value
RDI=0x00000000038280e0 is at code_begin+1664 in an Interpreter codelet
invoke return entry points  [0x0000000003827a60, 0x0000000003828440]  2528 bytes
R8 =0x0000000000000004 is an unknown value
R9 =0x0000000003607b00 is an unknown value
R10=0x0000000003837f48 is at code_begin+840 in an Interpreter codelet
method entry point (kind = native)  [0x0000000003837c00, 0x0000000003838560]  2400 bytes
R11=0x000000006c81bd80 is an unknown value
R12=0x0000000000000000 is an unknown value
R13={method} {0x00000000156a0a40} 'initIDs' '()V' in 'java/awt/Container'
R14=0x000000000370efb0 is pointing into the stack for thread: 0x0000000003720800
R15=0x0000000003720800 is a thread


Stack: [0x0000000003610000,0x0000000003710000],  sp=0x000000000370ef28,  free space=1019k
Native frames: (J=compiled Java code, j=interpreted, Vv=VM code, C=native code)
C  [awt.dll+0x94f44]
C  0x0000000003837f74

Java frames: (J=compiled Java code, j=interpreted, Vv=VM code)
j  java.awt.Container.initIDs()V+0
j  java.awt.Container.<clinit>()V+179
v  ~StubRoutines::call_stub

---------------  P R O C E S S  ---------------

Java Threads: ( => current thread )
  0x00000000174c1800 JavaThread "Service Thread" daemon [_thread_blocked, id=7376, stack(0x0000000017a40000,0x0000000017b40000)]
  0x000000001744c800 JavaThread "C1 CompilerThread2" daemon [_thread_blocked, id=6684, stack(0x0000000017940000,0x0000000017a40000)]
  0x0000000015e4d800 JavaThread "C2 CompilerThread1" daemon [_thread_blocked, id=412, stack(0x0000000017840000,0x0000000017940000)]
  0x0000000015e4b000 JavaThread "C2 CompilerThread0" daemon [_thread_blocked, id=9300, stack(0x0000000017340000,0x0000000017440000)]
  0x0000000015e49000 JavaThread "Attach Listener" daemon [_thread_blocked, id=4092, stack(0x0000000017240000,0x0000000017340000)]
  0x0000000015e48800 JavaThread "Signal Dispatcher" daemon [_thread_blocked, id=9564, stack(0x0000000017140000,0x0000000017240000)]
  0x000000000381b000 JavaThread "Finalizer" daemon [_thread_blocked, id=1308, stack(0x0000000017040000,0x0000000017140000)]
  0x000000000380f000 JavaThread "Reference Handler" daemon [_thread_blocked, id=11396, stack(0x0000000016f40000,0x0000000017040000)]
=>0x0000000003720800 JavaThread "main" [_thread_in_native, id=11144, stack(0x0000000003610000,0x0000000003710000)]

Other Threads:
  0x0000000015db8000 VMThread [stack: 0x0000000016e40000,0x0000000016f40000] [id=10016]
  0x0000000017500800 WatcherThread [stack: 0x0000000017b40000,0x0000000017c40000] [id=9288]

VM state:not at safepoint (normal execution)

VM Mutex/Monitor currently owned by a thread: None

Heap:
 PSYoungGen      total 18944K, used 2626K [0x00000000eb400000, 0x00000000ec900000, 0x0000000100000000)
  eden space 16384K, 16% used [0x00000000eb400000,0x00000000eb690988,0x00000000ec400000)
  from space 2560K, 0% used [0x00000000ec680000,0x00000000ec680000,0x00000000ec900000)
  to   space 2560K, 0% used [0x00000000ec400000,0x00000000ec400000,0x00000000ec680000)
 ParOldGen       total 44032K, used 0K [0x00000000c1c00000, 0x00000000c4700000, 0x00000000eb400000)
  object space 44032K, 0% used [0x00000000c1c00000,0x00000000c1c00000,0x00000000c4700000)
 Metaspace       used 4426K, capacity 4732K, committed 4992K, reserved 1056768K
  class space    used 504K, capacity 561K, committed 640K, reserved 1048576K

Card table byte_map: [0x0000000012be0000,0x0000000012de0000] byte_map_base: 0x00000000125d2000

Marking Bits: (ParMarkBitMap*) 0x000000006ce0c720
 Begin Bits: [0x0000000013330000, 0x00000000142c0000)
 End Bits:   [0x00000000142c0000, 0x0000000015250000)

Polling page: 0x00000000013f0000

CodeCache: size=245760Kb used=1468Kb max_used=1468Kb free=244292Kb
 bounds [0x0000000003820000, 0x0000000003a90000, 0x0000000012820000]
 total_blobs=492 nmethods=212 adapters=193
 compilation: enabled

Compilation events (10 events):
Event: 0.152 Thread 0x000000001744c800  208       3       java.util.AbstractList$Itr::hasNext (20 bytes)
Event: 0.152 Thread 0x000000001744c800 nmethod 208 0x000000000398bbd0 code [0x000000000398bd40, 0x000000000398bfc8]
Event: 0.152 Thread 0x000000001744c800  195       1       java.lang.invoke.LambdaForm::arity (5 bytes)
Event: 0.152 Thread 0x000000001744c800 nmethod 195 0x000000000397abd0 code [0x000000000397ad20, 0x000000000397ae30]
Event: 0.152 Thread 0x000000001744c800  209       3       jdk.internal.org.objectweb.asm.ByteVector::<init> (13 bytes)
Event: 0.152 Thread 0x000000001744c800 nmethod 209 0x000000000398b3d0 code [0x000000000398b540, 0x000000000398b790]
Event: 0.152 Thread 0x000000001744c800  211       3       jdk.internal.org.objectweb.asm.ByteVector::putByteArray (49 bytes)
Event: 0.153 Thread 0x000000001744c800 nmethod 211 0x000000000398ae10 code [0x000000000398af80, 0x000000000398b2b8]
Event: 0.153 Thread 0x000000001744c800  212       3       jdk.internal.org.objectweb.asm.ByteVector::putInt (74 bytes)
Event: 0.153 Thread 0x000000001744c800 nmethod 212 0x000000000398dd10 code [0x000000000398de80, 0x000000000398e108]

GC Heap History (0 events):
No events

Deoptimization events (0 events):
No events

Internal exceptions (9 events):
Event: 0.030 Thread 0x0000000003720800 Exception <a 'java/lang/NoSuchMethodError': Method sun.misc.Unsafe.defineClass(Ljava/lang/String;[BII)Ljava/lang/Class; name or signature does not match> (0x00000000eb407ca8) thrown at [C:\re\workspace\8-2-build-windows-amd64-cygwin\jdk8u131\8869\hotspot\
Event: 0.030 Thread 0x0000000003720800 Exception <a 'java/lang/NoSuchMethodError': Method sun.misc.Unsafe.prefetchRead(Ljava/lang/Object;J)V name or signature does not match> (0x00000000eb407f90) thrown at [C:\re\workspace\8-2-build-windows-amd64-cygwin\jdk8u131\8869\hotspot\src\share\vm\prims
Event: 0.101 Thread 0x0000000003720800 Exception <a 'java/security/PrivilegedActionException'> (0x00000000eb4d3418) thrown at [C:\re\workspace\8-2-build-windows-amd64-cygwin\jdk8u131\8869\hotspot\src\share\vm\prims\jvm.cpp, line 1390]
Event: 0.101 Thread 0x0000000003720800 Exception <a 'java/security/PrivilegedActionException'> (0x00000000eb4d3628) thrown at [C:\re\workspace\8-2-build-windows-amd64-cygwin\jdk8u131\8869\hotspot\src\share\vm\prims\jvm.cpp, line 1390]
Event: 0.101 Thread 0x0000000003720800 Exception <a 'java/security/PrivilegedActionException'> (0x00000000eb4d7298) thrown at [C:\re\workspace\8-2-build-windows-amd64-cygwin\jdk8u131\8869\hotspot\src\share\vm\prims\jvm.cpp, line 1390]
Event: 0.101 Thread 0x0000000003720800 Exception <a 'java/security/PrivilegedActionException'> (0x00000000eb4d74a8) thrown at [C:\re\workspace\8-2-build-windows-amd64-cygwin\jdk8u131\8869\hotspot\src\share\vm\prims\jvm.cpp, line 1390]
Event: 0.105 Thread 0x0000000003720800 Exception <a 'java/io/FileNotFoundException'> (0x00000000eb4da648) thrown at [C:\re\workspace\8-2-build-windows-amd64-cygwin\jdk8u131\8869\hotspot\src\share\vm\prims\jni.cpp, line 709]
Event: 0.140 Thread 0x0000000003720800 Exception <a 'java/lang/NoSuchFieldError': method resolution failed> (0x00000000eb5fa6f8) thrown at [C:\re\workspace\8-2-build-windows-amd64-cygwin\jdk8u131\8869\hotspot\src\share\vm\prims\methodHandles.cpp, line 1146]
Event: 0.141 Thread 0x0000000003720800 Exception <a 'java/lang/NoSuchFieldError': method resolution failed> (0x00000000eb607ac8) thrown at [C:\re\workspace\8-2-build-windows-amd64-cygwin\jdk8u131\8869\hotspot\src\share\vm\prims\methodHandles.cpp, line 1146]

Events (10 events):
Event: 0.156 loading class java/awt/LightweightDispatcher
Event: 0.156 loading class java/awt/event/AWTEventListener
Event: 0.156 loading class java/util/EventListener
Event: 0.156 loading class java/util/EventListener done
Event: 0.156 loading class java/awt/event/AWTEventListener done
Event: 0.156 loading class java/awt/LightweightDispatcher done
Event: 0.156 loading class java/awt/Dimension
Event: 0.156 loading class java/awt/geom/Dimension2D
Event: 0.156 loading class java/awt/geom/Dimension2D done
Event: 0.156 loading class java/awt/Dimension done


Dynamic libraries:
0x00007ff6b3690000 - 0x00007ff6b36c7000 	C:\Program Files\Java\jre1.8.0_131\bin\javaw.exe
0x00007fff6c1d0000 - 0x00007fff6c3bd000 	C:\WINDOWS\SYSTEM32\ntdll.dll
0x00007fff6b2b0000 - 0x00007fff6b363000 	C:\WINDOWS\System32\KERNEL32.DLL
0x00007fff68650000 - 0x00007fff688e3000 	C:\WINDOWS\System32\KERNELBASE.dll
0x00007fff6b730000 - 0x00007fff6b7d3000 	C:\WINDOWS\System32\ADVAPI32.dll
0x00007fff69780000 - 0x00007fff6981e000 	C:\WINDOWS\System32\msvcrt.dll
0x00007fff6b7e0000 - 0x00007fff6b87e000 	C:\WINDOWS\System32\sechost.dll
0x00007fff6b3d0000 - 0x00007fff6b4f2000 	C:\WINDOWS\System32\RPCRT4.dll
0x00007fff69820000 - 0x00007fff699b7000 	C:\WINDOWS\System32\USER32.dll
0x00007fff69110000 - 0x00007fff69130000 	C:\WINDOWS\System32\win32u.dll
0x00007fff6b880000 - 0x00007fff6b8a9000 	C:\WINDOWS\System32\GDI32.dll
0x00007fff68480000 - 0x00007fff6861a000 	C:\WINDOWS\System32\gdi32full.dll
0x00007fff69130000 - 0x00007fff691d0000 	C:\WINDOWS\System32\msvcp_win.dll
0x00007fff68380000 - 0x00007fff6847a000 	C:\WINDOWS\System32\ucrtbase.dll
0x00007fff594f0000 - 0x00007fff59769000 	C:\WINDOWS\WinSxS\amd64_microsoft.windows.common-controls_6595b64144ccf1df_6.0.17763.437_none_05b63dca071e5dd6\COMCTL32.dll
0x00007fff699c0000 - 0x00007fff69cec000 	C:\WINDOWS\System32\combase.dll
0x00007fff68300000 - 0x00007fff6837e000 	C:\WINDOWS\System32\bcryptPrimitives.dll
0x00007fff69740000 - 0x00007fff6976e000 	C:\WINDOWS\System32\IMM32.DLL
0x0000000000400000 - 0x0000000000462000 	C:\Program Files (x86)\Net Control 2\iAddon\ncwebc64.dll
0x00007fff69670000 - 0x00007fff69734000 	C:\WINDOWS\System32\oleaut32.dll
0x00007fff6b560000 - 0x00007fff6b5cd000 	C:\WINDOWS\System32\ws2_32.dll
0x000000006c350000 - 0x000000006c422000 	C:\Program Files\Java\jre1.8.0_131\bin\msvcr100.dll
0x000000006c5f0000 - 0x000000006ce8c000 	C:\Program Files\Java\jre1.8.0_131\bin\server\jvm.dll
0x00007fff6bd30000 - 0x00007fff6bd38000 	C:\WINDOWS\System32\PSAPI.DLL
0x00007fff58c20000 - 0x00007fff58c29000 	C:\WINDOWS\SYSTEM32\WSOCK32.dll
0x00007fff662d0000 - 0x00007fff662f4000 	C:\WINDOWS\SYSTEM32\WINMM.dll
0x00007fff5b660000 - 0x00007fff5b66a000 	C:\WINDOWS\SYSTEM32\VERSION.dll
0x00007fff65e40000 - 0x00007fff65e6d000 	C:\WINDOWS\SYSTEM32\WINMMBASE.dll
0x00007fff693b0000 - 0x00007fff693fa000 	C:\WINDOWS\System32\cfgmgr32.dll
0x000000006c500000 - 0x000000006c50f000 	C:\Program Files\Java\jre1.8.0_131\bin\verify.dll
0x000000006c4d0000 - 0x000000006c4f9000 	C:\Program Files\Java\jre1.8.0_131\bin\java.dll
0x000000006c4b0000 - 0x000000006c4c6000 	C:\Program Files\Java\jre1.8.0_131\bin\zip.dll
0x00007fff69dc0000 - 0x00007fff6b2b0000 	C:\WINDOWS\System32\SHELL32.dll
0x00007fff6c0f0000 - 0x00007fff6c198000 	C:\WINDOWS\System32\shcore.dll
0x00007fff688f0000 - 0x00007fff6903a000 	C:\WINDOWS\System32\windows.storage.dll
0x00007fff681f0000 - 0x00007fff68214000 	C:\WINDOWS\System32\profapi.dll
0x00007fff68220000 - 0x00007fff6827d000 	C:\WINDOWS\System32\powrprof.dll
0x00007fff69400000 - 0x00007fff69452000 	C:\WINDOWS\System32\shlwapi.dll
0x00007fff681d0000 - 0x00007fff681e1000 	C:\WINDOWS\System32\kernel.appcore.dll
0x00007fff69040000 - 0x00007fff69057000 	C:\WINDOWS\System32\cryptsp.dll
0x000000006c150000 - 0x000000006c2e8000 	C:\Program Files\Java\jre1.8.0_131\bin\awt.dll
0x00007fff66580000 - 0x00007fff6660c000 	C:\WINDOWS\SYSTEM32\apphelp.dll
0x00007fff59770000 - 0x00007fff5995d000 	C:\WINDOWS\SYSTEM32\dbghelp.dll

VM Arguments:
jvm_args: -Dfile.encoding=MS949 
java_command: GraphicsDrawLineMouseEx
java_class_path (initial): D:\용성\새 폴더\chap12-ex10\bin
Launcher Type: SUN_STANDARD

Environment Variables:
PATH=C:/Program Files/Java/jre1.8.0_131/bin/server;C:/Program Files/Java/jre1.8.0_131/bin;C:/Program Files/Java/jre1.8.0_131/lib/amd64;C:\ProgramData\Oracle\Java\javapath;C:\Program Files (x86)\Intel\iCLS Client\;C:\Program Files\Intel\iCLS Client\;C:\WINDOWS\system32;C:\WINDOWS;C:\WINDOWS\System32\Wbem;C:\WINDOWS\System32\WindowsPowerShell\v1.0\;C:\Program Files (x86)\Intel\Intel(R) Management Engine Components\DAL;C:\Program Files\Intel\Intel(R) Management Engine Components\DAL;C:\Program Files (x86)\Intel\Intel(R) Management Engine Components\IPT;C:\Program Files\Intel\Intel(R) Management Engine Components\IPT;C:\WINDOWS\System32\OpenSSH\;C:\Users\USER\AppData\Local\Microsoft\WindowsApps;;D:\용성[이클\eclipse-jee-neon-3-win32-x86_64\eclipse;
USERNAME=USER
OS=Windows_NT
PROCESSOR_IDENTIFIER=Intel64 Family 6 Model 94 Stepping 3, GenuineIntel



---------------  S Y S T E M  ---------------

OS: Windows 10.0 , 64 bit Build 17763 (10.0.17763.437)

CPU:total 4 (initial active 4) (4 cores per cpu, 1 threads per core) family 6 model 94 stepping 3, cmov, cx8, fxsr, mmx, sse, sse2, sse3, ssse3, sse4.1, sse4.2, popcnt, avx, avx2, aes, clmul, erms, rtm, 3dnowpref, lzcnt, tsc, tscinvbit, bmi1, bmi2, adx

Memory: 4k page, physical 4075168k(765616k free), swap 7828696k(1570752k free)

vm_info: Java HotSpot(TM) 64-Bit Server VM (25.131-b11) for windows-amd64 JRE (1.8.0_131-b11), built on Mar 15 2017 01:23:53 by "java_re" with MS VC++ 10.0 (VS2010)

time: Thu Apr 25 17:48:43 2019
elapsed time: 0 seconds (0d 0h 0m 0s)

