#
# A fatal error has been detected by the Java Runtime Environment:
#
#  EXCEPTION_PRIV_INSTRUCTION (0xc0000096) at pc=0x000000006c1e4f44, pid=7756, tid=0x0000000000002808
#
# JRE version: Java(TM) SE Runtime Environment (8.0_131-b11) (build 1.8.0_131-b11)
# Java VM: Java HotSpot(TM) 64-Bit Server VM (25.131-b11 mixed mode windows-amd64 compressed oops)
# Problematic frame:
# C  [awt.dll+0x94f44]
#
# Failed to write core dump. Minidumps are not enabled by default on client versions of Windows
#
# If you would like to submit a bug report, please visit:
#   http://bugreport.java.com/bugreport/crash.jsp
# The crash happened outside the Java Virtual Machine in native code.
# See problematic frame for where to report the bug.
#

---------------  T H R E A D  ---------------

Current thread (0x0000000002ce0800):  JavaThread "main" [_thread_in_native, id=10248, stack(0x0000000002b40000,0x0000000002c40000)]

siginfo: ExceptionCode=0xc0000096

Registers:
RAX=0x000000006c1e4f44, RBX=0x0000000014d40a38, RCX=0x0000000002ce09f8, RDX=0x0000000002c3ea68
RSP=0x0000000002c3e9e8, RBP=0x0000000002c3ea58, RSI=0x0000000000000001, RDI=0x0000000002ec80e0
R8 =0x0000000000000004, R9 =0x0000000002eb7a40, R10=0x0000000002ed7f48, R11=0x000000006c81bd80
R12=0x0000000000000000, R13=0x0000000014d40a38, R14=0x0000000002c3ea70, R15=0x0000000002ce0800
RIP=0x000000006c1e4f44, EFLAGS=0x0000000000010283

Top of Stack: (sp=0x0000000002c3e9e8)
0x0000000002c3e9e8:   0000000002ed7f74 0000000002ce0800
0x0000000002c3e9f8:   0000000014d40a38 0000000000000001
0x0000000002c3ea08:   0000000002ce0800 0000000002ed7ca2
0x0000000002c3ea18:   0000000002c3ea18 0000000014d40a38
0x0000000002c3ea28:   0000000002c3ea70 0000000014d68980
0x0000000002c3ea38:   0000000000000000 0000000014d40a38
0x0000000002c3ea48:   0000000000000000 0000000002c3ea78
0x0000000002c3ea58:   0000000002c3eab8 0000000002ec835d
0x0000000002c3ea68:   00000000eb4ba048 0000000002ed19d8
0x0000000002c3ea78:   0000000002c3ea78 0000000014d48b13
0x0000000002c3ea88:   0000000002c3eac0 0000000014d68980
0x0000000002c3ea98:   0000000000000000 0000000014d48b40
0x0000000002c3eaa8:   0000000002c3ea78 0000000002c3eac8
0x0000000002c3eab8:   0000000002c3eba0 0000000002ec08da
0x0000000002c3eac8:   cafebabecafebabe cafebabecafebabe
0x0000000002c3ead8:   0000000000000000 0000000000000000 

Instructions: (pc=0x000000006c1e4f44)
0x000000006c1e4f24:   ef 12 13 03 b1 52 52 40 d6 c8 48 78 85 3a 41 69
0x000000006c1e4f34:   91 d2 12 70 d5 04 d0 58 09 95 a1 94 fa 78 b2 48
0x000000006c1e4f44:   26 f4 d4 a9 83 cd a0 20 70 b9 b3 03 38 19 c9 44
0x000000006c1e4f54:   65 c9 c6 a3 4b 9d d6 82 c7 39 4d db d0 de 17 28 


Register to memory mapping:

RAX=0x000000006c1e4f44 is an unknown value
RBX={method} {0x0000000014d40a40} 'initIDs' '()V' in 'java/awt/Container'
RCX=0x0000000002ce09f8 is an unknown value
RDX=0x0000000002c3ea68 is pointing into the stack for thread: 0x0000000002ce0800
RSP=0x0000000002c3e9e8 is pointing into the stack for thread: 0x0000000002ce0800
RBP=0x0000000002c3ea58 is pointing into the stack for thread: 0x0000000002ce0800
RSI=0x0000000000000001 is an unknown value
RDI=0x0000000002ec80e0 is at code_begin+1664 in an Interpreter codelet
invoke return entry points  [0x0000000002ec7a60, 0x0000000002ec8440]  2528 bytes
R8 =0x0000000000000004 is an unknown value
R9 =0x0000000002eb7a40 is an unknown value
R10=0x0000000002ed7f48 is at code_begin+840 in an Interpreter codelet
method entry point (kind = native)  [0x0000000002ed7c00, 0x0000000002ed8560]  2400 bytes
R11=0x000000006c81bd80 is an unknown value
R12=0x0000000000000000 is an unknown value
R13={method} {0x0000000014d40a40} 'initIDs' '()V' in 'java/awt/Container'
R14=0x0000000002c3ea70 is pointing into the stack for thread: 0x0000000002ce0800
R15=0x0000000002ce0800 is a thread


Stack: [0x0000000002b40000,0x0000000002c40000],  sp=0x0000000002c3e9e8,  free space=1018k
Native frames: (J=compiled Java code, j=interpreted, Vv=VM code, C=native code)
C  [awt.dll+0x94f44]
C  0x0000000002ed7f74

Java frames: (J=compiled Java code, j=interpreted, Vv=VM code)
j  java.awt.Container.initIDs()V+0
j  java.awt.Container.<clinit>()V+179
v  ~StubRoutines::call_stub

---------------  P R O C E S S  ---------------

Java Threads: ( => current thread )
  0x00000000154ee800 JavaThread "Service Thread" daemon [_thread_blocked, id=868, stack(0x00000000170e0000,0x00000000171e0000)]
  0x00000000154b1800 JavaThread "C1 CompilerThread2" daemon [_thread_blocked, id=11884, stack(0x0000000016fe0000,0x00000000170e0000)]
  0x00000000154a2000 JavaThread "C2 CompilerThread1" daemon [_thread_blocked, id=6756, stack(0x0000000016ee0000,0x0000000016fe0000)]
  0x00000000154a0000 JavaThread "C2 CompilerThread0" daemon [_thread_blocked, id=6088, stack(0x0000000016de0000,0x0000000016ee0000)]
  0x000000001549e000 JavaThread "Attach Listener" daemon [_thread_blocked, id=3364, stack(0x0000000016ce0000,0x0000000016de0000)]
  0x0000000016823800 JavaThread "Signal Dispatcher" daemon [_thread_blocked, id=10064, stack(0x0000000016be0000,0x0000000016ce0000)]
  0x000000001547a800 JavaThread "Finalizer" daemon [_thread_blocked, id=10432, stack(0x00000000166e0000,0x00000000167e0000)]
  0x0000000015458800 JavaThread "Reference Handler" daemon [_thread_blocked, id=6792, stack(0x00000000165e0000,0x00000000166e0000)]
=>0x0000000002ce0800 JavaThread "main" [_thread_in_native, id=10248, stack(0x0000000002b40000,0x0000000002c40000)]

Other Threads:
  0x0000000015458000 VMThread [stack: 0x00000000164e0000,0x00000000165e0000] [id=11020]
  0x00000000168a4000 WatcherThread [stack: 0x00000000171e0000,0x00000000172e0000] [id=3552]

VM state:not at safepoint (normal execution)

VM Mutex/Monitor currently owned by a thread: None

Heap:
 PSYoungGen      total 18944K, used 2626K [0x00000000eb400000, 0x00000000ec900000, 0x0000000100000000)
  eden space 16384K, 16% used [0x00000000eb400000,0x00000000eb690988,0x00000000ec400000)
  from space 2560K, 0% used [0x00000000ec680000,0x00000000ec680000,0x00000000ec900000)
  to   space 2560K, 0% used [0x00000000ec400000,0x00000000ec400000,0x00000000ec680000)
 ParOldGen       total 44032K, used 0K [0x00000000c1c00000, 0x00000000c4700000, 0x00000000eb400000)
  object space 44032K, 0% used [0x00000000c1c00000,0x00000000c1c00000,0x00000000c4700000)
 Metaspace       used 4425K, capacity 4732K, committed 4992K, reserved 1056768K
  class space    used 504K, capacity 561K, committed 640K, reserved 1048576K

Card table byte_map: [0x0000000012280000,0x0000000012480000] byte_map_base: 0x0000000011c72000

Marking Bits: (ParMarkBitMap*) 0x000000006ce0c720
 Begin Bits: [0x00000000129d0000, 0x0000000013960000)
 End Bits:   [0x0000000013960000, 0x00000000148f0000)

Polling page: 0x0000000000af0000

CodeCache: size=245760Kb used=1467Kb max_used=1467Kb free=244292Kb
 bounds [0x0000000002ec0000, 0x0000000003130000, 0x0000000011ec0000]
 total_blobs=493 nmethods=213 adapters=193
 compilation: enabled

Compilation events (10 events):
Event: 0.139 Thread 0x00000000154a2000 nmethod 204 0x000000000302d690 code [0x000000000302d7e0, 0x000000000302da38]
Event: 0.139 Thread 0x00000000154b1800 nmethod 206 0x000000000302c4d0 code [0x000000000302c6e0, 0x000000000302d1f8]
Event: 0.139 Thread 0x00000000154b1800  194       1       java.lang.invoke.LambdaForm::arity (5 bytes)
Event: 0.139 Thread 0x00000000154b1800 nmethod 194 0x000000000302c210 code [0x000000000302c360, 0x000000000302c470]
Event: 0.140 Thread 0x00000000154b1800  210       3       jdk.internal.org.objectweb.asm.ByteVector::<init> (13 bytes)
Event: 0.140 Thread 0x00000000154b1800 nmethod 210 0x000000000302ba10 code [0x000000000302bb80, 0x000000000302bdd0]
Event: 0.140 Thread 0x00000000154b1800  212       3       jdk.internal.org.objectweb.asm.ByteVector::putByteArray (49 bytes)
Event: 0.140 Thread 0x00000000154b1800 nmethod 212 0x000000000302b450 code [0x000000000302b5c0, 0x000000000302b8f8]
Event: 0.140 Thread 0x00000000154b1800  213       3       jdk.internal.org.objectweb.asm.ByteVector::putInt (74 bytes)
Event: 0.140 Thread 0x00000000154b1800 nmethod 213 0x000000000302aed0 code [0x000000000302b040, 0x000000000302b2c8]

GC Heap History (0 events):
No events

Deoptimization events (0 events):
No events

Internal exceptions (9 events):
Event: 0.029 Thread 0x0000000002ce0800 Exception <a 'java/lang/NoSuchMethodError': Method sun.misc.Unsafe.defineClass(Ljava/lang/String;[BII)Ljava/lang/Class; name or signature does not match> (0x00000000eb407ca8) thrown at [C:\re\workspace\8-2-build-windows-amd64-cygwin\jdk8u131\8869\hotspot\
Event: 0.029 Thread 0x0000000002ce0800 Exception <a 'java/lang/NoSuchMethodError': Method sun.misc.Unsafe.prefetchRead(Ljava/lang/Object;J)V name or signature does not match> (0x00000000eb407f90) thrown at [C:\re\workspace\8-2-build-windows-amd64-cygwin\jdk8u131\8869\hotspot\src\share\vm\prims
Event: 0.097 Thread 0x0000000002ce0800 Exception <a 'java/security/PrivilegedActionException'> (0x00000000eb4d3418) thrown at [C:\re\workspace\8-2-build-windows-amd64-cygwin\jdk8u131\8869\hotspot\src\share\vm\prims\jvm.cpp, line 1390]
Event: 0.097 Thread 0x0000000002ce0800 Exception <a 'java/security/PrivilegedActionException'> (0x00000000eb4d3628) thrown at [C:\re\workspace\8-2-build-windows-amd64-cygwin\jdk8u131\8869\hotspot\src\share\vm\prims\jvm.cpp, line 1390]
Event: 0.097 Thread 0x0000000002ce0800 Exception <a 'java/security/PrivilegedActionException'> (0x00000000eb4d7298) thrown at [C:\re\workspace\8-2-build-windows-amd64-cygwin\jdk8u131\8869\hotspot\src\share\vm\prims\jvm.cpp, line 1390]
Event: 0.097 Thread 0x0000000002ce0800 Exception <a 'java/security/PrivilegedActionException'> (0x00000000eb4d74a8) thrown at [C:\re\workspace\8-2-build-windows-amd64-cygwin\jdk8u131\8869\hotspot\src\share\vm\prims\jvm.cpp, line 1390]
Event: 0.100 Thread 0x0000000002ce0800 Exception <a 'java/io/FileNotFoundException'> (0x00000000eb4da648) thrown at [C:\re\workspace\8-2-build-windows-amd64-cygwin\jdk8u131\8869\hotspot\src\share\vm\prims\jni.cpp, line 709]
Event: 0.128 Thread 0x0000000002ce0800 Exception <a 'java/lang/NoSuchFieldError': method resolution failed> (0x00000000eb5fa6f8) thrown at [C:\re\workspace\8-2-build-windows-amd64-cygwin\jdk8u131\8869\hotspot\src\share\vm\prims\methodHandles.cpp, line 1146]
Event: 0.129 Thread 0x0000000002ce0800 Exception <a 'java/lang/NoSuchFieldError': method resolution failed> (0x00000000eb607ac8) thrown at [C:\re\workspace\8-2-build-windows-amd64-cygwin\jdk8u131\8869\hotspot\src\share\vm\prims\methodHandles.cpp, line 1146]

Events (10 events):
Event: 0.143 loading class java/awt/LightweightDispatcher
Event: 0.143 loading class java/awt/event/AWTEventListener
Event: 0.143 loading class java/util/EventListener
Event: 0.143 loading class java/util/EventListener done
Event: 0.143 loading class java/awt/event/AWTEventListener done
Event: 0.143 loading class java/awt/LightweightDispatcher done
Event: 0.143 loading class java/awt/Dimension
Event: 0.143 loading class java/awt/geom/Dimension2D
Event: 0.143 loading class java/awt/geom/Dimension2D done
Event: 0.143 loading class java/awt/Dimension done


Dynamic libraries:
0x00007ff6b3690000 - 0x00007ff6b36c7000 	C:\Program Files\Java\jre1.8.0_131\bin\javaw.exe
0x00007fff6c1d0000 - 0x00007fff6c3bd000 	C:\WINDOWS\SYSTEM32\ntdll.dll
0x00007fff6b2b0000 - 0x00007fff6b363000 	C:\WINDOWS\System32\KERNEL32.DLL
0x00007fff68650000 - 0x00007fff688e3000 	C:\WINDOWS\System32\KERNELBASE.dll
0x00007fff6b730000 - 0x00007fff6b7d3000 	C:\WINDOWS\System32\ADVAPI32.dll
0x00007fff69780000 - 0x00007fff6981e000 	C:\WINDOWS\System32\msvcrt.dll
0x00007fff6b7e0000 - 0x00007fff6b87e000 	C:\WINDOWS\System32\sechost.dll
0x00007fff6b3d0000 - 0x00007fff6b4f2000 	C:\WINDOWS\System32\RPCRT4.dll
0x00007fff69820000 - 0x00007fff699b7000 	C:\WINDOWS\System32\USER32.dll
0x00007fff69110000 - 0x00007fff69130000 	C:\WINDOWS\System32\win32u.dll
0x00007fff6b880000 - 0x00007fff6b8a9000 	C:\WINDOWS\System32\GDI32.dll
0x00007fff68480000 - 0x00007fff6861a000 	C:\WINDOWS\System32\gdi32full.dll
0x00007fff69130000 - 0x00007fff691d0000 	C:\WINDOWS\System32\msvcp_win.dll
0x00007fff68380000 - 0x00007fff6847a000 	C:\WINDOWS\System32\ucrtbase.dll
0x00007fff594f0000 - 0x00007fff59769000 	C:\WINDOWS\WinSxS\amd64_microsoft.windows.common-controls_6595b64144ccf1df_6.0.17763.437_none_05b63dca071e5dd6\COMCTL32.dll
0x00007fff699c0000 - 0x00007fff69cec000 	C:\WINDOWS\System32\combase.dll
0x00007fff68300000 - 0x00007fff6837e000 	C:\WINDOWS\System32\bcryptPrimitives.dll
0x00007fff69740000 - 0x00007fff6976e000 	C:\WINDOWS\System32\IMM32.DLL
0x0000000000400000 - 0x0000000000462000 	C:\Program Files (x86)\Net Control 2\iAddon\ncwebc64.dll
0x00007fff69670000 - 0x00007fff69734000 	C:\WINDOWS\System32\oleaut32.dll
0x00007fff6b560000 - 0x00007fff6b5cd000 	C:\WINDOWS\System32\ws2_32.dll
0x000000006c350000 - 0x000000006c422000 	C:\Program Files\Java\jre1.8.0_131\bin\msvcr100.dll
0x000000006c5f0000 - 0x000000006ce8c000 	C:\Program Files\Java\jre1.8.0_131\bin\server\jvm.dll
0x00007fff6bd30000 - 0x00007fff6bd38000 	C:\WINDOWS\System32\PSAPI.DLL
0x00007fff58c20000 - 0x00007fff58c29000 	C:\WINDOWS\SYSTEM32\WSOCK32.dll
0x00007fff662d0000 - 0x00007fff662f4000 	C:\WINDOWS\SYSTEM32\WINMM.dll
0x00007fff5b660000 - 0x00007fff5b66a000 	C:\WINDOWS\SYSTEM32\VERSION.dll
0x00007fff65e40000 - 0x00007fff65e6d000 	C:\WINDOWS\SYSTEM32\WINMMBASE.dll
0x00007fff693b0000 - 0x00007fff693fa000 	C:\WINDOWS\System32\cfgmgr32.dll
0x000000006c500000 - 0x000000006c50f000 	C:\Program Files\Java\jre1.8.0_131\bin\verify.dll
0x000000006c4d0000 - 0x000000006c4f9000 	C:\Program Files\Java\jre1.8.0_131\bin\java.dll
0x000000006c4b0000 - 0x000000006c4c6000 	C:\Program Files\Java\jre1.8.0_131\bin\zip.dll
0x00007fff69dc0000 - 0x00007fff6b2b0000 	C:\WINDOWS\System32\SHELL32.dll
0x00007fff6c0f0000 - 0x00007fff6c198000 	C:\WINDOWS\System32\shcore.dll
0x00007fff688f0000 - 0x00007fff6903a000 	C:\WINDOWS\System32\windows.storage.dll
0x00007fff681f0000 - 0x00007fff68214000 	C:\WINDOWS\System32\profapi.dll
0x00007fff68220000 - 0x00007fff6827d000 	C:\WINDOWS\System32\powrprof.dll
0x00007fff69400000 - 0x00007fff69452000 	C:\WINDOWS\System32\shlwapi.dll
0x00007fff681d0000 - 0x00007fff681e1000 	C:\WINDOWS\System32\kernel.appcore.dll
0x00007fff69040000 - 0x00007fff69057000 	C:\WINDOWS\System32\cryptsp.dll
0x000000006c150000 - 0x000000006c2e8000 	C:\Program Files\Java\jre1.8.0_131\bin\awt.dll
0x00007fff66580000 - 0x00007fff6660c000 	C:\WINDOWS\SYSTEM32\apphelp.dll
0x00007fff59770000 - 0x00007fff5995d000 	C:\WINDOWS\SYSTEM32\dbghelp.dll

VM Arguments:
jvm_args: -Dfile.encoding=MS949 
java_command: GraphicsDrawLineMouseEx
java_class_path (initial): D:\용성\새 폴더\chap12-ex10\bin
Launcher Type: SUN_STANDARD

Environment Variables:
PATH=C:/Program Files/Java/jre1.8.0_131/bin/server;C:/Program Files/Java/jre1.8.0_131/bin;C:/Program Files/Java/jre1.8.0_131/lib/amd64;C:\ProgramData\Oracle\Java\javapath;C:\Program Files (x86)\Intel\iCLS Client\;C:\Program Files\Intel\iCLS Client\;C:\WINDOWS\system32;C:\WINDOWS;C:\WINDOWS\System32\Wbem;C:\WINDOWS\System32\WindowsPowerShell\v1.0\;C:\Program Files (x86)\Intel\Intel(R) Management Engine Components\DAL;C:\Program Files\Intel\Intel(R) Management Engine Components\DAL;C:\Program Files (x86)\Intel\Intel(R) Management Engine Components\IPT;C:\Program Files\Intel\Intel(R) Management Engine Components\IPT;C:\WINDOWS\System32\OpenSSH\;C:\Users\USER\AppData\Local\Microsoft\WindowsApps;;D:\용성[이클\eclipse-jee-neon-3-win32-x86_64\eclipse;
USERNAME=USER
OS=Windows_NT
PROCESSOR_IDENTIFIER=Intel64 Family 6 Model 94 Stepping 3, GenuineIntel



---------------  S Y S T E M  ---------------

OS: Windows 10.0 , 64 bit Build 17763 (10.0.17763.437)

CPU:total 4 (initial active 4) (4 cores per cpu, 1 threads per core) family 6 model 94 stepping 3, cmov, cx8, fxsr, mmx, sse, sse2, sse3, ssse3, sse4.1, sse4.2, popcnt, avx, avx2, aes, clmul, erms, rtm, 3dnowpref, lzcnt, tsc, tscinvbit, bmi1, bmi2, adx

Memory: 4k page, physical 4075168k(807536k free), swap 7828696k(1596260k free)

vm_info: Java HotSpot(TM) 64-Bit Server VM (25.131-b11) for windows-amd64 JRE (1.8.0_131-b11), built on Mar 15 2017 01:23:53 by "java_re" with MS VC++ 10.0 (VS2010)

time: Thu Apr 25 17:47:31 2019
elapsed time: 0 seconds (0d 0h 0m 0s)

